<?xml version="1.0" encoding="UTF-8"?>
<!-- Generated by org.testng.reporters.JUnitReportReporter -->
<testsuite hostname="LAPTOP-R9H7V4VG" failures="0" tests="1" name="runner_files.runner_file_form" time="12.416" errors="0" timestamp="2024-02-21T12:39:46 IST" skipped="0">
  <testcase classname="runner_files.runner_file_form" name="runScenario" time="12.416"/>
  <system-out/>
</testsuite> <!-- runner_files.runner_file_form -->
